<?xml version="1.0" encoding="UTF-8"?>
<!-- Generated by org.testng.reporters.JUnitXMLReporter -->
<testsuite hostname="BLRRIDGWD22231" ignored="3" name="Default test" tests="1" failures="0" timestamp="14 Aug 2018 12:03:09 GMT" time="1.12" errors="0">
  <testcase name="updateByPATCHReq" time="1.103" classname="APITesting.com.org.api.localReq"/>
  <testcase name="readData_Get" time="0.0" classname="APITesting.com.org.api.localReq">
    <ignored/>
  </testcase> <!-- readData_Get -->
  <testcase name="test_update_Post" time="0.0" classname="APITesting.com.org.api.localReq">
    <ignored/>
  </testcase> <!-- test_update_Post -->
  <testcase name="test_PUT_Req" time="0.0" classname="APITesting.com.org.api.localReq">
    <ignored/>
  </testcase> <!-- test_PUT_Req -->
</testsuite> <!-- Default test -->
