<?xml version="1.0" encoding="UTF-8"?>
<!-- Generated by org.testng.reporters.JUnitXMLReporter -->
<testsuite hostname="Alok-PC" ignored="3" name="Default test" tests="1" failures="0" timestamp="16 Aug 2018 15:58:12 GMT" time="7.206" errors="0">
  <testcase name="testHeader" time="7.155" classname="APITesting.com.org.api.postmanReq"/>
  <testcase name="testBody" time="0.0" classname="APITesting.com.org.api.postmanReq">
    <ignored/>
  </testcase> <!-- testBody -->
  <testcase name="testStatusCode" time="0.0" classname="APITesting.com.org.api.postmanReq">
    <ignored/>
  </testcase> <!-- testStatusCode -->
  <testcase name="getResp" time="0.0" classname="APITesting.com.org.api.postmanReq">
    <ignored/>
  </testcase> <!-- getResp -->
</testsuite> <!-- Default test -->
