<?xml version="1.0" encoding="UTF-8"?>
<testng-results skipped="0" failed="0" ignored="1" total="2" passed="1">
  <reporter-output>
    <line>
      <![CDATA[Status code is : 200]]>
    </line>
    <line>
      <![CDATA[Actual string: [ 200 ] is matching with Expected string: [ 200 ]]]>
    </line>
  </reporter-output>
  <suite name="Default suite" duration-ms="5383" started-at="2019-01-01T17:12:58Z" finished-at="2019-01-01T17:13:03Z">
    <groups>
    </groups>
    <test name="Default test" duration-ms="5383" started-at="2019-01-01T17:12:58Z" finished-at="2019-01-01T17:13:03Z">
      <class name="com.testPages.postmanReq">
        <test-method status="PASS" signature="driverAndExtentReportSetup()[pri:0, instance:com.testPages.postmanReq@1c93084c]" name="driverAndExtentReportSetup" is-config="true" duration-ms="16" started-at="2019-01-01T17:12:58Z" finished-at="2019-01-01T17:12:58Z">
          <reporter-output>
          </reporter-output>
        </test-method> <!-- driverAndExtentReportSetup -->
        <test-method status="PASS" signature="thisClassTestStarted()[pri:0, instance:com.testPages.postmanReq@1c93084c]" name="thisClassTestStarted" is-config="true" duration-ms="15" started-at="2019-01-01T17:12:58Z" finished-at="2019-01-01T17:12:58Z">
          <reporter-output>
          </reporter-output>
        </test-method> <!-- thisClassTestStarted -->
        <test-method status="PASS" signature="driverAndExtentReportSetup(java.lang.reflect.Method)[pri:0, instance:com.testPages.postmanReq@1c93084c]" name="driverAndExtentReportSetup" is-config="true" duration-ms="16" started-at="2019-01-01T17:12:58Z" finished-at="2019-01-01T17:12:58Z">
          <params>
            <param index="0">
              <value>
                <![CDATA[public void com.testPages.postmanReq.testStatusCode()]]>
              </value>
            </param>
          </params>
          <reporter-output>
          </reporter-output>
        </test-method> <!-- driverAndExtentReportSetup -->
        <test-method status="PASS" signature="testStatusCode()[pri:1, instance:com.testPages.postmanReq@1c93084c]" name="testStatusCode" duration-ms="5352" started-at="2019-01-01T17:12:58Z" finished-at="2019-01-01T17:13:03Z">
          <reporter-output>
            <line>
              <![CDATA[Status code is : 200]]>
            </line>
            <line>
              <![CDATA[Actual string: [ 200 ] is matching with Expected string: [ 200 ]]]>
            </line>
          </reporter-output>
        </test-method> <!-- testStatusCode -->
        <test-method status="PASS" signature="endTest()[pri:0, instance:com.testPages.postmanReq@1c93084c]" name="endTest" is-config="true" duration-ms="0" started-at="2019-01-01T17:13:03Z" finished-at="2019-01-01T17:13:03Z">
          <reporter-output>
          </reporter-output>
        </test-method> <!-- endTest -->
        <test-method status="PASS" signature="afterMethod(org.testng.ITestResult)[pri:0, instance:com.testPages.postmanReq@1c93084c]" name="afterMethod" is-config="true" duration-ms="0" started-at="2019-01-01T17:13:03Z" finished-at="2019-01-01T17:13:03Z">
          <params>
            <param index="0">
              <value>
                <![CDATA[[TestResult name=testStatusCode status=SUCCESS method=postmanReq.testStatusCode()[pri:1, instance:com.testPages.postmanReq@1c93084c] output=Status code is : 200]]]>
              </value>
            </param>
          </params>
          <reporter-output>
          </reporter-output>
        </test-method> <!-- afterMethod -->
        <test-method status="PASS" signature="tearDown()[pri:0, instance:com.testPages.postmanReq@1c93084c]" name="tearDown" is-config="true" duration-ms="1830" started-at="2019-01-01T17:13:03Z" finished-at="2019-01-01T17:13:05Z">
          <reporter-output>
          </reporter-output>
        </test-method> <!-- tearDown -->
      </class> <!-- com.testPages.postmanReq -->
    </test> <!-- Default test -->
  </suite> <!-- Default suite -->
</testng-results>
