<?xml version="1.0" encoding="UTF-8"?>
<!-- Generated by org.testng.reporters.JUnitReportReporter -->
<testsuite skipped="11" hostname="Alok-PC" name="APITesting.com.org.api.JsonPlaceHolderAPIex" tests="12" failures="0" timestamp="01 Jan 2019 07:54:44 GMT" time="3.092" errors="0">
  <testcase name="testPracticeEx" time="3.092" classname="APITesting.com.org.api.JsonPlaceHolderAPIex"/>
  <testcase name="testQueryParam" classname="APITesting.com.org.api.JsonPlaceHolderAPIex">
    <skipped/>
  </testcase> <!-- testQueryParam -->
  <testcase name="setCookie" classname="APITesting.com.org.api.JsonPlaceHolderAPIex">
    <skipped/>
  </testcase> <!-- setCookie -->
  <testcase name="testPathParam" classname="APITesting.com.org.api.JsonPlaceHolderAPIex">
    <skipped/>
  </testcase> <!-- testPathParam -->
  <testcase name="photos" classname="APITesting.com.org.api.JsonPlaceHolderAPIex">
    <skipped/>
  </testcase> <!-- photos -->
  <testcase name="testPathParameter" classname="APITesting.com.org.api.JsonPlaceHolderAPIex">
    <skipped/>
  </testcase> <!-- testPathParameter -->
  <testcase name="logtypes" classname="APITesting.com.org.api.JsonPlaceHolderAPIex">
    <skipped/>
  </testcase> <!-- logtypes -->
  <testcase name="testJsonPath" classname="APITesting.com.org.api.JsonPlaceHolderAPIex">
    <skipped/>
  </testcase> <!-- testJsonPath -->
  <testcase name="testJsonPathExpressions" classname="APITesting.com.org.api.JsonPlaceHolderAPIex">
    <skipped/>
  </testcase> <!-- testJsonPathExpressions -->
  <testcase name="jsonPathEx" classname="APITesting.com.org.api.JsonPlaceHolderAPIex">
    <skipped/>
  </testcase> <!-- jsonPathEx -->
  <testcase name="testBodyParamsInResponse" classname="APITesting.com.org.api.JsonPlaceHolderAPIex">
    <skipped/>
  </testcase> <!-- testBodyParamsInResponse -->
  <testcase name="getCookies" classname="APITesting.com.org.api.JsonPlaceHolderAPIex">
    <skipped/>
  </testcase> <!-- getCookies -->
</testsuite> <!-- APITesting.com.org.api.JsonPlaceHolderAPIex -->
